[richlabs.website/frames/index.html]
[backblue.gif]
[fade.gif]
[index.html]
[richlabs.website/frames/indexf8a0.html]
[richlabs.website/frames/frames.txt]
[richlabs.website/frames/indexc052.html]
[richlabs.website/frames/indexbfec.html]
[richlabs.website/frames/index30b5.html]
[richlabs.website/frames/playstorelist.txt]
[richlabs.website/frames/index.html]
[richlabs.website/frames/indexc052.html]
[richlabs.website/frames/indexf8a0.html]
[richlabs.website/frames/indexbfec.html]
[richlabs.website/frames/index30b5.html]
[richlabs.website/frames/indexb70a.html]
[richlabs.website/frames/index72c9.html]
[richlabs.website/frames/index5851.html]
[richlabs.website/frames/indexad3f.html]
[richlabs.website/frames/indexb70a.html]
[richlabs.website/frames/index72c9.html]
[richlabs.website/frames/index5851.html]
[richlabs.website/frames/indexad3f.html]
